<?xml version="1.0" encoding="UTF-8"?>
<!-- Generated by org.testng.reporters.JUnitXMLReporter -->
<testsuite hostname="C02SH43WG8WP" name="WFG-API-TEST" tests="3" failures="0" timestamp="16 Apr 2019 19:27:27 GMT" time="0.754" errors="0">
  <testcase name="An API user retrieves a CREDIT CARD THAT HAS POINTS REWARDS BALANCE with INVALID account_type: createJSONFile" time="0.001" classname="com.javaexcel.test.steps.GenerateJSONFile"/>
  <testcase name="An API user retrieves a CREDIT CARD THAT HAS POINTS REWARDS BALANCE with INVALID account_type: sendRequest" time="0.739" classname="com.javaexcel.test.steps.SendAPIRequest"/>
  <testcase name="An API user retrieves a CREDIT CARD THAT HAS POINTS REWARDS BALANCE with INVALID account_type: validateAPIResponse" time="0.001" classname="com.javaexcel.test.steps.ValidateAPIResponse"/>
</testsuite> <!-- WFG-API-TEST -->
