<?xml version="1.0" encoding="UTF-8"?>
<!-- Generated by org.testng.reporters.JUnitXMLReporter -->
<testsuite hostname="C02SH43WG8WP" name="WFG-API-TEST" tests="2" failures="0" timestamp="16 Apr 2019 19:26:33 GMT" time="2.713" errors="0">
  <testcase name="Cert - Get Events: Happy Path: sendRequest" time="2.7" classname="com.javaexcel.test.steps.SendAPIRequest"/>
  <testcase name="Cert - Get Events: Happy Path: validateAPIResponse" time="0.002" classname="com.javaexcel.test.steps.ValidateAPIResponse"/>
</testsuite> <!-- WFG-API-TEST -->
