<?xml version="1.0" encoding="UTF-8"?>
<!-- Generated by org.testng.reporters.JUnitXMLReporter -->
<testsuite hostname="C02SH43WG8WP" name="WFG-API-TEST" tests="3" failures="0" timestamp="16 Apr 2019 19:26:41 GMT" time="2.124" errors="0">
  <testcase name="Duplicate Payment: Send valid Duplicate Payment_Validation data: createJSONFile" time="0.003" classname="com.javaexcel.test.steps.GenerateJSONFile"/>
  <testcase name="Duplicate Payment: Send valid Duplicate Payment_Validation data: sendRequest" time="2.106" classname="com.javaexcel.test.steps.SendAPIRequest"/>
  <testcase name="Duplicate Payment: Send valid Duplicate Payment_Validation data: validateAPIResponse" time="0.001" classname="com.javaexcel.test.steps.ValidateAPIResponse"/>
</testsuite> <!-- WFG-API-TEST -->
