<?xml version="1.0" encoding="UTF-8"?>
<!-- Generated by org.testng.reporters.JUnitXMLReporter -->
<testsuite hostname="C02SH43WG8WP" name="WFG-API-TEST" tests="2" failures="0" timestamp="16 Apr 2019 19:25:59 GMT" time="1.881" errors="0">
  <testcase name="Get List of all Accounts-StubbedSANDBOX: sendRequest" time="1.832" classname="com.javaexcel.test.steps.SendAPIRequest"/>
  <testcase name="Get List of all Accounts-StubbedSANDBOX: validateAPIResponse" time="0.036" classname="com.javaexcel.test.steps.ValidateAPIResponse"/>
</testsuite> <!-- WFG-API-TEST -->
