<?xml version="1.0" encoding="UTF-8"?>
<!-- Generated by org.testng.reporters.JUnitXMLReporter -->
<testsuite hostname="C02SH43WG8WP" name="WFG-API-TEST" tests="2" failures="0" timestamp="16 Apr 2019 19:25:55 GMT" time="2.608" errors="0">
  <testcase name="Get Customer Profile-StubbedSANDBOX: sendRequest" time="2.592" classname="com.javaexcel.test.steps.SendAPIRequest"/>
  <testcase name="Get Customer Profile-StubbedSANDBOX: validateAPIResponse" time="0.004" classname="com.javaexcel.test.steps.ValidateAPIResponse"/>
</testsuite> <!-- WFG-API-TEST -->
