<?xml version="1.0" encoding="UTF-8"?>
<!-- Generated by org.testng.reporters.JUnitXMLReporter -->
<testsuite hostname="C02SH43WG8WP" name="WFG-API-TEST" tests="2" failures="0" timestamp="16 Apr 2019 19:27:18 GMT" time="0.643" errors="0">
  <testcase name="GET A LIST OF AVAILABLE TIMES FOR SPECIFIED LOCATION USING  INVALID LOCATION_ID FORMAT: sendRequest" time="0.628" classname="com.javaexcel.test.steps.SendAPIRequest"/>
  <testcase name="GET A LIST OF AVAILABLE TIMES FOR SPECIFIED LOCATION USING  INVALID LOCATION_ID FORMAT: validateAPIResponse" time="0.0" classname="com.javaexcel.test.steps.ValidateAPIResponse"/>
</testsuite> <!-- WFG-API-TEST -->
