<?xml version="1.0" encoding="UTF-8"?>
<!-- Generated by org.testng.reporters.JUnitXMLReporter -->
<testsuite hostname="C02SH43WG8WP" name="WFG-API-TEST" tests="2" failures="0" timestamp="16 Apr 2019 19:26:12 GMT" time="2.358" errors="0">
  <testcase name="Get 401k-Retirement Account with Invalid end-user-authorization : sendRequest" time="2.342" classname="com.javaexcel.test.steps.SendAPIRequest"/>
  <testcase name="Get 401k-Retirement Account with Invalid end-user-authorization : validateAPIResponse" time="0.001" classname="com.javaexcel.test.steps.ValidateAPIResponse"/>
</testsuite> <!-- WFG-API-TEST -->
