<?xml version="1.0" encoding="UTF-8"?>
<!-- Generated by org.testng.reporters.JUnitXMLReporter -->
<testsuite hostname="C02SH43WG8WP" name="WFG-API-TEST" tests="2" failures="0" timestamp="16 Apr 2019 19:26:35 GMT" time="0.782" errors="0">
  <testcase name="Get Events: Data not acceptable by client (Accept header other than application/Json): sendRequest" time="0.768" classname="com.javaexcel.test.steps.SendAPIRequest"/>
  <testcase name="Get Events: Data not acceptable by client (Accept header other than application/Json): validateAPIResponse" time="0.001" classname="com.javaexcel.test.steps.ValidateAPIResponse"/>
</testsuite> <!-- WFG-API-TEST -->
