<?xml version="1.0" encoding="UTF-8"?>
<!-- Generated by org.testng.reporters.JUnitXMLReporter -->
<testsuite hostname="C02SH43WG8WP" name="WFG-API-TEST" tests="2" failures="0" timestamp="16 Apr 2019 19:26:01 GMT" time="1.872" errors="0">
  <testcase name="Get List of all Transactions-StubbedSANDBOX: sendRequest" time="1.825" classname="com.javaexcel.test.steps.SendAPIRequest"/>
  <testcase name="Get List of all Transactions-StubbedSANDBOX: validateAPIResponse" time="0.035" classname="com.javaexcel.test.steps.ValidateAPIResponse"/>
</testsuite> <!-- WFG-API-TEST -->
