<?xml version="1.0" encoding="UTF-8"?>
<!-- Generated by org.testng.reporters.JUnitXMLReporter -->
<testsuite hostname="C02SH43WG8WP" name="WFG-API-TEST" tests="3" failures="0" timestamp="16 Apr 2019 19:27:25 GMT" time="2.354" errors="0">
  <testcase name="Happy Path - An API user retrieves a CASH REWARDS BALANCE: createJSONFile" time="0.002" classname="com.javaexcel.test.steps.GenerateJSONFile"/>
  <testcase name="Happy Path - An API user retrieves a CASH REWARDS BALANCE: sendRequest" time="2.337" classname="com.javaexcel.test.steps.SendAPIRequest"/>
  <testcase name="Happy Path - An API user retrieves a CASH REWARDS BALANCE: validateAPIResponse" time="0.001" classname="com.javaexcel.test.steps.ValidateAPIResponse"/>
</testsuite> <!-- WFG-API-TEST -->
