<?xml version="1.0" encoding="UTF-8"?>
<!-- Generated by org.testng.reporters.JUnitXMLReporter -->
<testsuite hostname="C02SH43WG8WP" name="WFG-API-TEST" tests="3" failures="0" timestamp="16 Apr 2019 19:27:20 GMT" time="1.862" errors="0">
  <testcase name="Happy path for  RTIA for IMAGE RETRIEVE with ITEM_TYPE as DEPOSIT_SLIP: createJSONFile" time="0.001" classname="com.javaexcel.test.steps.GenerateJSONFile"/>
  <testcase name="Happy path for  RTIA for IMAGE RETRIEVE with ITEM_TYPE as DEPOSIT_SLIP: sendRequest" time="1.846" classname="com.javaexcel.test.steps.SendAPIRequest"/>
  <testcase name="Happy path for  RTIA for IMAGE RETRIEVE with ITEM_TYPE as DEPOSIT_SLIP: validateAPIResponse" time="0.001" classname="com.javaexcel.test.steps.ValidateAPIResponse"/>
</testsuite> <!-- WFG-API-TEST -->
