<?xml version="1.0" encoding="UTF-8"?>
<!-- Generated by org.testng.reporters.JUnitXMLReporter -->
<testsuite hostname="C02SH43WG8WP" name="WFG-API-TEST" tests="3" failures="0" timestamp="16 Apr 2019 19:27:26 GMT" time="1.365" errors="0">
  <testcase name="Happy Path - An API user retrieves a CREDIT CARD THAT HAS POINTS REWARDS BALANCE: createJSONFile" time="0.0" classname="com.javaexcel.test.steps.GenerateJSONFile"/>
  <testcase name="Happy Path - An API user retrieves a CREDIT CARD THAT HAS POINTS REWARDS BALANCE: sendRequest" time="1.349" classname="com.javaexcel.test.steps.SendAPIRequest"/>
  <testcase name="Happy Path - An API user retrieves a CREDIT CARD THAT HAS POINTS REWARDS BALANCE: validateAPIResponse" time="0.001" classname="com.javaexcel.test.steps.ValidateAPIResponse"/>
</testsuite> <!-- WFG-API-TEST -->
