<?xml version="1.0" encoding="UTF-8"?>
<!-- Generated by org.testng.reporters.JUnitXMLReporter -->
<testsuite hostname="C02SH43WG8WP" name="WFG-API-TEST" tests="3" failures="0" timestamp="16 Apr 2019 19:27:22 GMT" time="2.081" errors="0">
  <testcase name="Happy path for  RTIA for IMAGE RETRIEVE with ITEM_TYPE as PAID_CHECK: createJSONFile" time="0.002" classname="com.javaexcel.test.steps.GenerateJSONFile"/>
  <testcase name="Happy path for  RTIA for IMAGE RETRIEVE with ITEM_TYPE as PAID_CHECK: sendRequest" time="2.064" classname="com.javaexcel.test.steps.SendAPIRequest"/>
  <testcase name="Happy path for  RTIA for IMAGE RETRIEVE with ITEM_TYPE as PAID_CHECK: validateAPIResponse" time="0.001" classname="com.javaexcel.test.steps.ValidateAPIResponse"/>
</testsuite> <!-- WFG-API-TEST -->
