<?xml version="1.0" encoding="UTF-8"?>
<!-- Generated by org.testng.reporters.JUnitXMLReporter -->
<testsuite hostname="C02SH43WG8WP" name="WFG-API-TEST" tests="3" failures="0" timestamp="16 Apr 2019 19:26:23 GMT" time="4.106" errors="0">
  <testcase name="HLS happy path with all the parameters-StubbedSANDBOX: createJSONFile" time="0.003" classname="com.javaexcel.test.steps.GenerateJSONFile"/>
  <testcase name="HLS happy path with all the parameters-StubbedSANDBOX: sendRequest" time="4.037" classname="com.javaexcel.test.steps.SendAPIRequest"/>
  <testcase name="HLS happy path with all the parameters-StubbedSANDBOX: validateAPIResponse" time="0.053" classname="com.javaexcel.test.steps.ValidateAPIResponse"/>
</testsuite> <!-- WFG-API-TEST -->
