<?xml version="1.0" encoding="UTF-8"?>
<!-- Generated by org.testng.reporters.JUnitXMLReporter -->
<testsuite hostname="C02SH43WG8WP" name="WFG-API-TEST" tests="2" failures="0" timestamp="16 Apr 2019 19:26:10 GMT" time="3.363" errors="0">
  <testcase name="Intuit Success - 401k-Retirement Account - Send Valid Headers &amp; Get Status : sendRequest" time="3.348" classname="com.javaexcel.test.steps.SendAPIRequest"/>
  <testcase name="Intuit Success - 401k-Retirement Account - Send Valid Headers &amp; Get Status : validateAPIResponse" time="0.002" classname="com.javaexcel.test.steps.ValidateAPIResponse"/>
</testsuite> <!-- WFG-API-TEST -->
