<?xml version="1.0" encoding="UTF-8"?>
<!-- Generated by org.testng.reporters.JUnitXMLReporter -->
<testsuite hostname="C02SH43WG8WP" name="WFG-API-TEST" tests="2" failures="0" timestamp="16 Apr 2019 19:26:07 GMT" time="5.724" errors="0">
  <testcase name="Intuit Success - CHK-MM-SAVINGS-TIME-INVESTMENT-SEITRUST-LOC-HLOC-INSTALMENT-SLOAN - Send Valid Headers &amp; Get Status : sendRequest" time="5.702" classname="com.javaexcel.test.steps.SendAPIRequest"/>
  <testcase name="Intuit Success - CHK-MM-SAVINGS-TIME-INVESTMENT-SEITRUST-LOC-HLOC-INSTALMENT-SLOAN - Send Valid Headers &amp; Get Status : validateAPIResponse" time="0.009" classname="com.javaexcel.test.steps.ValidateAPIResponse"/>
</testsuite> <!-- WFG-API-TEST -->
