<?xml version="1.0" encoding="UTF-8"?>
<!-- Generated by org.testng.reporters.JUnitXMLReporter -->
<testsuite hostname="C02SH43WG8WP" name="WFG-API-TEST" tests="3" failures="0" timestamp="16 Apr 2019 19:26:54 GMT" time="0.918" errors="0">
  <testcase name="Missing Acount Number in the request body with Balance Request API Call: createJSONFile" time="0.002" classname="com.javaexcel.test.steps.GenerateJSONFile"/>
  <testcase name="Missing Acount Number in the request body with Balance Request API Call: sendRequest" time="0.9" classname="com.javaexcel.test.steps.SendAPIRequest"/>
  <testcase name="Missing Acount Number in the request body with Balance Request API Call: validateAPIResponse" time="0.001" classname="com.javaexcel.test.steps.ValidateAPIResponse"/>
</testsuite> <!-- WFG-API-TEST -->
