<?xml version="1.0" encoding="UTF-8"?>
<!-- Generated by org.testng.reporters.JUnitXMLReporter -->
<testsuite hostname="C02SH43WG8WP" name="WFG-API-TEST" tests="3" failures="0" timestamp="16 Apr 2019 19:26:25 GMT" time="1.146" errors="0">
  <testcase name="Negative Scenario with no content type: createJSONFile" time="0.001" classname="com.javaexcel.test.steps.GenerateJSONFile"/>
  <testcase name="Negative Scenario with no content type: sendRequest" time="1.13" classname="com.javaexcel.test.steps.SendAPIRequest"/>
  <testcase name="Negative Scenario with no content type: validateAPIResponse" time="0.001" classname="com.javaexcel.test.steps.ValidateAPIResponse"/>
</testsuite> <!-- WFG-API-TEST -->
