<?xml version="1.0" encoding="UTF-8"?>
<!-- Generated by org.testng.reporters.JUnitXMLReporter -->
<testsuite hostname="C02SH43WG8WP" name="WFG-API-TEST" tests="3" failures="0" timestamp="16 Apr 2019 19:27:34 GMT" time="1.228" errors="0">
  <testcase name="Originate a ACH credit payment with both mandatory and optional  fields using BUSINESSCONSUMERIND {{SWAGGER VALIDATION}}: createJSONFile" time="0.001" classname="com.javaexcel.test.steps.GenerateJSONFile"/>
  <testcase name="Originate a ACH credit payment with both mandatory and optional  fields using BUSINESSCONSUMERIND {{SWAGGER VALIDATION}}: sendRequest" time="1.214" classname="com.javaexcel.test.steps.SendAPIRequest"/>
  <testcase name="Originate a ACH credit payment with both mandatory and optional  fields using BUSINESSCONSUMERIND {{SWAGGER VALIDATION}}: validateAPIResponse" time="0.001" classname="com.javaexcel.test.steps.ValidateAPIResponse"/>
</testsuite> <!-- WFG-API-TEST -->
