<?xml version="1.0" encoding="UTF-8"?>
<!-- Generated by org.testng.reporters.JUnitXMLReporter -->
<testsuite hostname="C02SH43WG8WP" name="WFG-API-TEST" tests="3" failures="0" timestamp="16 Apr 2019 19:27:35 GMT" time="0.882" errors="0">
  <testcase name="Originate a ACH credit payment with missing payment_id.: createJSONFile" time="0.001" classname="com.javaexcel.test.steps.GenerateJSONFile"/>
  <testcase name="Originate a ACH credit payment with missing payment_id.: sendRequest" time="0.866" classname="com.javaexcel.test.steps.SendAPIRequest"/>
  <testcase name="Originate a ACH credit payment with missing payment_id.: validateAPIResponse" time="0.001" classname="com.javaexcel.test.steps.ValidateAPIResponse"/>
</testsuite> <!-- WFG-API-TEST -->
