<?xml version="1.0" encoding="UTF-8"?>
<!-- Generated by org.testng.reporters.JUnitXMLReporter -->
<testsuite hostname="C02SH43WG8WP" name="WFG-API-TEST" tests="3" failures="0" timestamp="16 Apr 2019 19:27:33 GMT" time="1.464" errors="0">
  <testcase name="Originate a ACH credit payment with minimum required fields: createJSONFile" time="0.004" classname="com.javaexcel.test.steps.GenerateJSONFile"/>
  <testcase name="Originate a ACH credit payment with minimum required fields: sendRequest" time="1.448" classname="com.javaexcel.test.steps.SendAPIRequest"/>
  <testcase name="Originate a ACH credit payment with minimum required fields: validateAPIResponse" time="0.0" classname="com.javaexcel.test.steps.ValidateAPIResponse"/>
</testsuite> <!-- WFG-API-TEST -->
