<?xml version="1.0" encoding="UTF-8"?>
<!-- Generated by org.testng.reporters.JUnitXMLReporter -->
<testsuite hostname="C02SH43WG8WP" name="WFG-API-TEST" tests="2" failures="0" timestamp="16 Apr 2019 19:25:53 GMT" time="1.103" errors="0">
  <testcase name="Property Details of a single Mortgage Account-StubbedSANDBOX: sendRequest" time="1.087" classname="com.javaexcel.test.steps.SendAPIRequest"/>
  <testcase name="Property Details of a single Mortgage Account-StubbedSANDBOX: validateAPIResponse" time="0.004" classname="com.javaexcel.test.steps.ValidateAPIResponse"/>
</testsuite> <!-- WFG-API-TEST -->
