<?xml version="1.0" encoding="UTF-8"?>
<!-- Generated by org.testng.reporters.JUnitXMLReporter -->
<testsuite hostname="C02SH43WG8WP" name="WFG-API-TEST" tests="2" failures="0" timestamp="16 Apr 2019 19:25:52 GMT" time="4.139" errors="0">
  <testcase name="Property Details of zero Mortgage Accounts-StubbedSANDBOX {{SWAGGER VALIDATION}}: sendRequest" time="4.086" classname="com.javaexcel.test.steps.SendAPIRequest"/>
  <testcase name="Property Details of zero Mortgage Accounts-StubbedSANDBOX {{SWAGGER VALIDATION}}: validateAPIResponse" time="0.026" classname="com.javaexcel.test.steps.ValidateAPIResponse"/>
</testsuite> <!-- WFG-API-TEST -->
