<?xml version="1.0" encoding="UTF-8"?>
<!-- Generated by org.testng.reporters.JUnitXMLReporter -->
<testsuite hostname="C02SH43WG8WP" name="WFG-API-TEST" tests="3" failures="0" timestamp="16 Apr 2019 19:26:59 GMT" time="1.352" errors="0">
  <testcase name="Request update-status: Status Update Request with Missing User Info: createJSONFile" time="0.002" classname="com.javaexcel.test.steps.GenerateJSONFile"/>
  <testcase name="Request update-status: Status Update Request with Missing User Info: sendRequest" time="1.335" classname="com.javaexcel.test.steps.SendAPIRequest"/>
  <testcase name="Request update-status: Status Update Request with Missing User Info: validateAPIResponse" time="0.001" classname="com.javaexcel.test.steps.ValidateAPIResponse"/>
</testsuite> <!-- WFG-API-TEST -->
