<?xml version="1.0" encoding="UTF-8"?>
<!-- Generated by org.testng.reporters.JUnitXMLReporter -->
<testsuite hostname="C02SH43WG8WP" name="WFG-API-TEST" tests="3" failures="0" timestamp="16 Apr 2019 19:27:04 GMT" time="2.338" errors="0">
  <testcase name="Search request with missing account_number in the POST request body: createJSONFile" time="0.001" classname="com.javaexcel.test.steps.GenerateJSONFile"/>
  <testcase name="Search request with missing account_number in the POST request body: sendRequest" time="2.323" classname="com.javaexcel.test.steps.SendAPIRequest"/>
  <testcase name="Search request with missing account_number in the POST request body: validateAPIResponse" time="0.0" classname="com.javaexcel.test.steps.ValidateAPIResponse"/>
</testsuite> <!-- WFG-API-TEST -->
