<?xml version="1.0" encoding="UTF-8"?>
<!-- Generated by org.testng.reporters.JUnitXMLReporter -->
<testsuite hostname="C02SH43WG8WP" name="WFG-API-TEST" tests="2" failures="0" timestamp="16 Apr 2019 19:27:02 GMT" time="1.283" errors="0">
  <testcase name="Search for Wells Fargo locations by postal code2: sendRequest" time="1.271" classname="com.javaexcel.test.steps.SendAPIRequest"/>
  <testcase name="Search for Wells Fargo locations by postal code2: validateAPIResponse" time="0.001" classname="com.javaexcel.test.steps.ValidateAPIResponse"/>
</testsuite> <!-- WFG-API-TEST -->
