<?xml version="1.0" encoding="UTF-8"?>
<!-- Generated by org.testng.reporters.JUnitXMLReporter -->
<testsuite hostname="C02SH43WG8WP" name="WFG-API-TEST" tests="3" failures="0" timestamp="16 Apr 2019 19:27:31 GMT" time="0.86" errors="0">
  <testcase name="Search for status of ach file by invalid file_originator_id: createJSONFile" time="0.002" classname="com.javaexcel.test.steps.GenerateJSONFile"/>
  <testcase name="Search for status of ach file by invalid file_originator_id: sendRequest" time="0.843" classname="com.javaexcel.test.steps.SendAPIRequest"/>
  <testcase name="Search for status of ach file by invalid file_originator_id: validateAPIResponse" time="0.001" classname="com.javaexcel.test.steps.ValidateAPIResponse"/>
</testsuite> <!-- WFG-API-TEST -->
