<?xml version="1.0" encoding="UTF-8"?>
<!-- Generated by org.testng.reporters.JUnitXMLReporter -->
<testsuite hostname="C02SH43WG8WP" name="WFG-API-TEST" tests="3" failures="0" timestamp="16 Apr 2019 19:26:37 GMT" time="2.067" errors="0">
  <testcase name="Send Valid Data with all field having correct value: createJSONFile" time="0.004" classname="com.javaexcel.test.steps.GenerateJSONFile"/>
  <testcase name="Send Valid Data with all field having correct value: sendRequest" time="2.047" classname="com.javaexcel.test.steps.SendAPIRequest"/>
  <testcase name="Send Valid Data with all field having correct value: validateAPIResponse" time="0.002" classname="com.javaexcel.test.steps.ValidateAPIResponse"/>
</testsuite> <!-- WFG-API-TEST -->
