<?xml version="1.0" encoding="UTF-8"?>
<!-- Generated by org.testng.reporters.JUnitXMLReporter -->
<testsuite hostname="C02SH43WG8WP" name="WFG-API-TEST" tests="3" failures="0" timestamp="16 Apr 2019 19:26:38 GMT" time="1.151" errors="0">
  <testcase name="Send request with missing name_prefix field for Primary applicant: createJSONFile" time="0.003" classname="com.javaexcel.test.steps.GenerateJSONFile"/>
  <testcase name="Send request with missing name_prefix field for Primary applicant: sendRequest" time="1.133" classname="com.javaexcel.test.steps.SendAPIRequest"/>
  <testcase name="Send request with missing name_prefix field for Primary applicant: validateAPIResponse" time="0.001" classname="com.javaexcel.test.steps.ValidateAPIResponse"/>
</testsuite> <!-- WFG-API-TEST -->
