<?xml version="1.0" encoding="UTF-8"?>
<!-- Generated by org.testng.reporters.JUnitXMLReporter -->
<testsuite hostname="C02SH43WG8WP" name="WFG-API-TEST" tests="3" failures="0" timestamp="16 Apr 2019 19:26:43 GMT" time="1.575" errors="0">
  <testcase name="Send valid Payment_Validation data for Backend1_ScenarioOne: createJSONFile" time="0.002" classname="com.javaexcel.test.steps.GenerateJSONFile"/>
  <testcase name="Send valid Payment_Validation data for Backend1_ScenarioOne: sendRequest" time="1.557" classname="com.javaexcel.test.steps.SendAPIRequest"/>
  <testcase name="Send valid Payment_Validation data for Backend1_ScenarioOne: validateAPIResponse" time="0.0" classname="com.javaexcel.test.steps.ValidateAPIResponse"/>
</testsuite> <!-- WFG-API-TEST -->
