<?xml version="1.0" encoding="UTF-8"?>
<!-- Generated by org.testng.reporters.JUnitXMLReporter -->
<testsuite hostname="C02SH43WG8WP" name="WFG-API-TEST" tests="3" failures="0" timestamp="16 Apr 2019 19:26:39 GMT" time="1.208" errors="0">
  <testcase name="Send request with missing conversation_id: createJSONFile" time="0.005" classname="com.javaexcel.test.steps.GenerateJSONFile"/>
  <testcase name="Send request with missing conversation_id: sendRequest" time="1.188" classname="com.javaexcel.test.steps.SendAPIRequest"/>
  <testcase name="Send request with missing conversation_id: validateAPIResponse" time="0.002" classname="com.javaexcel.test.steps.ValidateAPIResponse"/>
</testsuite> <!-- WFG-API-TEST -->
