<?xml version="1.0" encoding="UTF-8"?>
<!-- Generated by org.testng.reporters.JUnitXMLReporter -->
<testsuite hostname="C02SH43WG8WP" name="WFG-API-TEST" tests="3" failures="0" timestamp="16 Apr 2019 19:26:27 GMT" time="2.52" errors="0">
  <testcase name="Status-Send Valid Data {{SWAGGER VALIDATION}}: createJSONFile" time="0.002" classname="com.javaexcel.test.steps.GenerateJSONFile"/>
  <testcase name="Status-Send Valid Data {{SWAGGER VALIDATION}}: sendRequest" time="2.501" classname="com.javaexcel.test.steps.SendAPIRequest"/>
  <testcase name="Status-Send Valid Data {{SWAGGER VALIDATION}}: validateAPIResponse" time="0.002" classname="com.javaexcel.test.steps.ValidateAPIResponse"/>
</testsuite> <!-- WFG-API-TEST -->
