<?xml version="1.0" encoding="UTF-8"?>
<!-- Generated by org.testng.reporters.JUnitXMLReporter -->
<testsuite hostname="C02SH43WG8WP" name="WFG-API-TEST" tests="3" failures="0" timestamp="16 Apr 2019 19:27:07 GMT" time="2.664" errors="0">
  <testcase name="Status Calculated - Send Valid Data: createJSONFile" time="0.002" classname="com.javaexcel.test.steps.GenerateJSONFile"/>
  <testcase name="Status Calculated - Send Valid Data: sendRequest" time="2.647" classname="com.javaexcel.test.steps.SendAPIRequest"/>
  <testcase name="Status Calculated - Send Valid Data: validateAPIResponse" time="0.001" classname="com.javaexcel.test.steps.ValidateAPIResponse"/>
</testsuite> <!-- WFG-API-TEST -->
