<?xml version="1.0" encoding="UTF-8"?>
<!-- Generated by org.testng.reporters.JUnitXMLReporter -->
<testsuite hostname="C02SH43WG8WP" name="WFG-API-TEST" tests="2" failures="0" timestamp="16 Apr 2019 19:27:13 GMT" time="1.843" errors="0">
  <testcase name="StubbedSANDBOX - Success case on Tax Docs Search - Integration with Backend system: sendRequest" time="1.829" classname="com.javaexcel.test.steps.SendAPIRequest"/>
  <testcase name="StubbedSANDBOX - Success case on Tax Docs Search - Integration with Backend system: validateAPIResponse" time="0.002" classname="com.javaexcel.test.steps.ValidateAPIResponse"/>
</testsuite> <!-- WFG-API-TEST -->
