<?xml version="1.0" encoding="UTF-8"?>
<!-- Generated by org.testng.reporters.JUnitXMLReporter -->
<testsuite hostname="C02SH43WG8WP" name="WFG-API-TEST" tests="2" failures="0" timestamp="16 Apr 2019 19:27:17 GMT" time="0.77" errors="0">
  <testcase name="StubbedSANDBOX - GET A LIST OF AVAILABLE TIMES FOR SPECIFIED LOCATION USING  INVALID LOCATION_ID: sendRequest" time="0.754" classname="com.javaexcel.test.steps.SendAPIRequest"/>
  <testcase name="StubbedSANDBOX - GET A LIST OF AVAILABLE TIMES FOR SPECIFIED LOCATION USING  INVALID LOCATION_ID: validateAPIResponse" time="0.001" classname="com.javaexcel.test.steps.ValidateAPIResponse"/>
</testsuite> <!-- WFG-API-TEST -->
