<?xml version="1.0" encoding="UTF-8"?>
<!-- Generated by org.testng.reporters.JUnitXMLReporter -->
<testsuite hostname="C02SH43WG8WP" name="WFG-API-TEST" tests="3" failures="0" timestamp="16 Apr 2019 19:26:30 GMT" time="0.796" errors="0">
  <testcase name="StubbedSANDBOX-Status-Send Invalid Data with Bank Routing number less than the required length: createJSONFile" time="0.001" classname="com.javaexcel.test.steps.GenerateJSONFile"/>
  <testcase name="StubbedSANDBOX-Status-Send Invalid Data with Bank Routing number less than the required length: sendRequest" time="0.781" classname="com.javaexcel.test.steps.SendAPIRequest"/>
  <testcase name="StubbedSANDBOX-Status-Send Invalid Data with Bank Routing number less than the required length: validateAPIResponse" time="0.001" classname="com.javaexcel.test.steps.ValidateAPIResponse"/>
</testsuite> <!-- WFG-API-TEST -->
