<?xml version="1.0" encoding="UTF-8"?>
<!-- Generated by org.testng.reporters.JUnitXMLReporter -->
<testsuite hostname="C02SH43WG8WP" name="WFG-API-TEST" tests="2" failures="0" timestamp="16 Apr 2019 19:26:15 GMT" time="2.816" errors="0">
  <testcase name="StubbedSANDBOX - Search Statements with product type DDA (Checking) and getting 200 OK: sendRequest" time="2.802" classname="com.javaexcel.test.steps.SendAPIRequest"/>
  <testcase name="StubbedSANDBOX - Search Statements with product type DDA (Checking) and getting 200 OK: validateAPIResponse" time="0.002" classname="com.javaexcel.test.steps.ValidateAPIResponse"/>
</testsuite> <!-- WFG-API-TEST -->
