<?xml version="1.0" encoding="UTF-8"?>
<!-- Generated by org.testng.reporters.JUnitXMLReporter -->
<testsuite hostname="C02SH43WG8WP" name="WFG-API-TEST" tests="3" failures="0" timestamp="16 Apr 2019 19:26:52 GMT" time="1.138" errors="0">
  <testcase name="Success case on balance request with mandatory and optional fields in the POST body and getting valid response: createJSONFile" time="0.002" classname="com.javaexcel.test.steps.GenerateJSONFile"/>
  <testcase name="Success case on balance request with mandatory and optional fields in the POST body and getting valid response: sendRequest" time="1.123" classname="com.javaexcel.test.steps.SendAPIRequest"/>
  <testcase name="Success case on balance request with mandatory and optional fields in the POST body and getting valid response: validateAPIResponse" time="0.001" classname="com.javaexcel.test.steps.ValidateAPIResponse"/>
</testsuite> <!-- WFG-API-TEST -->
