<?xml version="1.0" encoding="UTF-8"?>
<!-- Generated by org.testng.reporters.JUnitXMLReporter -->
<testsuite hostname="C02SH43WG8WP" name="WFG-API-TEST" tests="3" failures="0" timestamp="16 Apr 2019 19:26:46 GMT" time="1.65" errors="0">
  <testcase name="Validate Create Payment with payment_type as DRAW: createJSONFile" time="0.003" classname="com.javaexcel.test.steps.GenerateJSONFile"/>
  <testcase name="Validate Create Payment with payment_type as DRAW: sendRequest" time="1.634" classname="com.javaexcel.test.steps.SendAPIRequest"/>
  <testcase name="Validate Create Payment with payment_type as DRAW: validateAPIResponse" time="0.001" classname="com.javaexcel.test.steps.ValidateAPIResponse"/>
</testsuite> <!-- WFG-API-TEST -->
