<?xml version="1.0" encoding="UTF-8"?>
<!-- Generated by org.testng.reporters.JUnitXMLReporter -->
<testsuite hostname="C02SH43WG8WP" name="WFG-API-TEST" tests="3" failures="0" timestamp="16 Apr 2019 19:26:47 GMT" time="1.0" errors="0">
  <testcase name="Validate Create Payment with Invalid payment_type format.: createJSONFile" time="0.003" classname="com.javaexcel.test.steps.GenerateJSONFile"/>
  <testcase name="Validate Create Payment with Invalid payment_type format.: sendRequest" time="0.982" classname="com.javaexcel.test.steps.SendAPIRequest"/>
  <testcase name="Validate Create Payment with Invalid payment_type format.: validateAPIResponse" time="0.001" classname="com.javaexcel.test.steps.ValidateAPIResponse"/>
</testsuite> <!-- WFG-API-TEST -->
