<?xml version="1.0" encoding="UTF-8"?>
<!-- Generated by org.testng.reporters.JUnitXMLReporter -->
<testsuite hostname="C02SH43WG8WP" name="WFG-API-TEST" tests="3" failures="0" timestamp="16 Apr 2019 19:26:50 GMT" time="1.348" errors="0">
  <testcase name="Validate success case for createPushToCardPayment (required and optional fields) : createJSONFile" time="0.002" classname="com.javaexcel.test.steps.GenerateJSONFile"/>
  <testcase name="Validate success case for createPushToCardPayment (required and optional fields) : sendRequest" time="1.334" classname="com.javaexcel.test.steps.SendAPIRequest"/>
  <testcase name="Validate success case for createPushToCardPayment (required and optional fields) : validateAPIResponse" time="0.001" classname="com.javaexcel.test.steps.ValidateAPIResponse"/>
</testsuite> <!-- WFG-API-TEST -->
